<?xml version="1.0" encoding="UTF-8"?>
<!-- Generated by org.testng.reporters.JUnitReportReporter -->
<testsuite skipped="0" hostname="kilvidiacademy" name="freeCRM_Cucumber_BDD_Test.testHomePage" tests="3" failures="0" timestamp="28 Jun 2018 05:43:04 GMT" time="10.360" errors="0">
  <testcase name="testGetLabel" time="0.058" classname="freeCRM_Cucumber_BDD_Test.testHomePage"/>
  <testcase name="testClickOnNewContactsLink" time="0.197" classname="freeCRM_Cucumber_BDD_Test.testHomePage"/>
  <testcase name="testLogout" time="10.105" classname="freeCRM_Cucumber_BDD_Test.testHomePage"/>
</testsuite> <!-- freeCRM_Cucumber_BDD_Test.testHomePage -->
